  test.c
D:\C-CODE\long_test\long_test\test.c(33,24): warning C4013: “add_student”未定义；假设外部返回 int
D:\C-CODE\long_test\long_test\test.c(36,27): warning C4013: “delete_student”未定义；假设外部返回 int
D:\C-CODE\long_test\long_test\test.c(39,27): warning C4013: “modify_student”未定义；假设外部返回 int
D:\C-CODE\long_test\long_test\test.c(42,25): warning C4013: “find_student”未定义；假设外部返回 int
D:\C-CODE\long_test\long_test\test.c(45,30): warning C4013: “show_all_students”未定义；假设外部返回 int
D:\C-CODE\long_test\long_test\test.c(61,6): error C2371: “add_student”: 重定义；不同的基类型
D:\C-CODE\long_test\long_test\test.c(73,6): error C2371: “delete_student”: 重定义；不同的基类型
D:\C-CODE\long_test\long_test\test.c(96,6): error C2371: “modify_student”: 重定义；不同的基类型
D:\C-CODE\long_test\long_test\test.c(119,6): error C2371: “find_student”: 重定义；不同的基类型
D:\C-CODE\long_test\long_test\test.c(140,6): error C2371: “show_all_students”: 重定义；不同的基类型
D:\C-CODE\long_test\long_test\test.c(144,1): error C2143: 语法错误: 缺少“;”(在“}”的前面)
